<?xml version="1.0" encoding="UTF-8"?>
<robot generator="Robot 3.1.2 (Python 3.8.0 on win32)" generated="20191109 16:19:39.121" rpa="false">
<suite id="s1" name="TestSuite1" source="D:\RobotFramework\RobotProject\test\TestSuite1.robot">
<kw name="Log" library="BuiltIn" type="setup">
<doc>Logs the given message with the given level.</doc>
<arguments>
<arg>I'm inside suite setup</arg>
</arguments>
<msg timestamp="20191109 16:19:39.521" level="INFO">I'm inside suite setup</msg>
<status status="PASS" starttime="20191109 16:19:39.521" endtime="20191109 16:19:39.521"></status>
</kw>
<test id="s1-t1" name="MyTC2">
<kw name="Log" library="BuiltIn" type="setup">
<doc>Logs the given message with the given level.</doc>
<arguments>
<arg>I'm inside test setup</arg>
</arguments>
<msg timestamp="20191109 16:19:39.521" level="INFO">I'm inside test setup</msg>
<status status="PASS" starttime="20191109 16:19:39.521" endtime="20191109 16:19:39.521"></status>
</kw>
<kw name="Log" library="BuiltIn">
<doc>Logs the given message with the given level.</doc>
<arguments>
<arg>I'm inside MyTC2</arg>
</arguments>
<msg timestamp="20191109 16:19:39.521" level="INFO">I'm inside MyTC2</msg>
<status status="PASS" starttime="20191109 16:19:39.521" endtime="20191109 16:19:39.521"></status>
</kw>
<kw name="Set Tags" library="BuiltIn">
<doc>Adds given ``tags`` for the current test or all tests in a suite.</doc>
<arguments>
<arg>Regression</arg>
</arguments>
<msg timestamp="20191109 16:19:39.521" level="INFO">Set tag 'Regression'.</msg>
<status status="PASS" starttime="20191109 16:19:39.521" endtime="20191109 16:19:39.521"></status>
</kw>
<kw name="Log" library="BuiltIn" type="teardown">
<doc>Logs the given message with the given level.</doc>
<arguments>
<arg>I'm inside test teardown</arg>
</arguments>
<msg timestamp="20191109 16:19:39.526" level="INFO">I'm inside test teardown</msg>
<status status="PASS" starttime="20191109 16:19:39.526" endtime="20191109 16:19:39.526"></status>
</kw>
<tags>
<tag>Regression</tag>
<tag>Sanity</tag>
</tags>
<status status="PASS" starttime="20191109 16:19:39.521" endtime="20191109 16:19:39.526" critical="yes"></status>
</test>
<test id="s1-t2" name="MyTC3">
<kw name="Log" library="BuiltIn" type="setup">
<doc>Logs the given message with the given level.</doc>
<arguments>
<arg>I'm inside test setup</arg>
</arguments>
<msg timestamp="20191109 16:19:39.531" level="INFO">I'm inside test setup</msg>
<status status="PASS" starttime="20191109 16:19:39.531" endtime="20191109 16:19:39.531"></status>
</kw>
<kw name="Log" library="BuiltIn">
<doc>Logs the given message with the given level.</doc>
<arguments>
<arg>I'm inside MyTC3</arg>
</arguments>
<msg timestamp="20191109 16:19:39.531" level="INFO">I'm inside MyTC3</msg>
<status status="PASS" starttime="20191109 16:19:39.531" endtime="20191109 16:19:39.531"></status>
</kw>
<kw name="Log" library="BuiltIn" type="teardown">
<doc>Logs the given message with the given level.</doc>
<arguments>
<arg>I'm inside test teardown</arg>
</arguments>
<msg timestamp="20191109 16:19:39.531" level="INFO">I'm inside test teardown</msg>
<status status="PASS" starttime="20191109 16:19:39.531" endtime="20191109 16:19:39.531"></status>
</kw>
<tags>
<tag>Sanity</tag>
</tags>
<status status="PASS" starttime="20191109 16:19:39.526" endtime="20191109 16:19:39.531" critical="yes"></status>
</test>
<kw name="Log" library="BuiltIn" type="teardown">
<doc>Logs the given message with the given level.</doc>
<arguments>
<arg>I'm inside suite teardown</arg>
</arguments>
<msg timestamp="20191109 16:19:39.536" level="INFO">I'm inside suite teardown</msg>
<status status="PASS" starttime="20191109 16:19:39.536" endtime="20191109 16:19:39.536"></status>
</kw>
<status status="PASS" starttime="20191109 16:19:39.126" endtime="20191109 16:19:39.536"></status>
</suite>
<statistics>
<total>
<stat pass="2" fail="0">Critical Tests</stat>
<stat pass="2" fail="0">All Tests</stat>
</total>
<tag>
<stat pass="1" fail="0">Regression</stat>
<stat pass="2" fail="0">Sanity</stat>
</tag>
<suite>
<stat pass="2" fail="0" id="s1" name="TestSuite1">TestSuite1</stat>
</suite>
</statistics>
<errors>
</errors>
</robot>
